mode: atomic
goverage-test-crud/internal/pkg/api/routers/routers.go:14.34,26.2 7 1
goverage-test-crud/internal/pkg/api/routers/routers.go:28.132,29.54 1 4
goverage-test-crud/internal/pkg/api/routers/routers.go:29.54,31.3 1 0
goverage-test-crud/pkg/database/connector.go:13.52,19.59 4 1
goverage-test-crud/pkg/database/connector.go:23.2,23.18 1 1
goverage-test-crud/pkg/database/connector.go:19.59,20.13 1 0
goverage-test-crud/pkg/database/connector.go:27.14,28.42 1 0
goverage-test-crud/pkg/database/connector.go:28.42,29.13 1 0
goverage-test-crud/pkg/database/connector.go:33.15,35.2 1 1
goverage-test-crud/cmd/crud/main.go:23.13,29.16 5 1
goverage-test-crud/cmd/crud/main.go:33.2,41.16 4 1
goverage-test-crud/cmd/crud/main.go:29.16,31.3 1 0
goverage-test-crud/cmd/crud/main.go:41.16,44.3 2 0
goverage-test-crud/cmd/crud/main.go:47.13,52.33 3 0
goverage-test-crud/cmd/crud/main.go:56.2,56.34 1 0
goverage-test-crud/cmd/crud/main.go:60.2,60.32 1 0
goverage-test-crud/cmd/crud/main.go:64.2,71.12 3 0
goverage-test-crud/cmd/crud/main.go:77.2,86.42 7 0
goverage-test-crud/cmd/crud/main.go:90.2,92.31 2 0
goverage-test-crud/cmd/crud/main.go:52.33,54.3 1 0
goverage-test-crud/cmd/crud/main.go:56.34,58.3 1 0
goverage-test-crud/cmd/crud/main.go:60.32,62.3 1 0
goverage-test-crud/cmd/crud/main.go:71.12,72.77 1 0
goverage-test-crud/cmd/crud/main.go:72.77,74.4 1 0
goverage-test-crud/cmd/crud/main.go:86.42,88.3 1 0
goverage-test-crud/internal/pkg/api/controllers/healthz/index.go:9.52,13.2 3 1
goverage-test-crud/internal/pkg/api/controllers/users/create.go:13.65,21.16 5 0
goverage-test-crud/internal/pkg/api/controllers/users/create.go:26.2,29.16 3 0
goverage-test-crud/internal/pkg/api/controllers/users/create.go:34.2,35.16 2 0
goverage-test-crud/internal/pkg/api/controllers/users/create.go:39.2,41.16 3 0
goverage-test-crud/internal/pkg/api/controllers/users/create.go:45.2,48.16 3 0
goverage-test-crud/internal/pkg/api/controllers/users/create.go:52.2,55.22 3 0
goverage-test-crud/internal/pkg/api/controllers/users/create.go:21.16,24.3 2 0
goverage-test-crud/internal/pkg/api/controllers/users/create.go:29.16,32.3 2 0
goverage-test-crud/internal/pkg/api/controllers/users/create.go:35.16,37.3 1 0
goverage-test-crud/internal/pkg/api/controllers/users/create.go:41.16,44.3 2 0
goverage-test-crud/internal/pkg/api/controllers/users/create.go:48.16,51.3 2 0
goverage-test-crud/internal/pkg/api/controllers/users/delete.go:14.65,22.16 6 0
goverage-test-crud/internal/pkg/api/controllers/users/delete.go:26.2,28.16 3 0
goverage-test-crud/internal/pkg/api/controllers/users/delete.go:31.2,33.22 2 0
goverage-test-crud/internal/pkg/api/controllers/users/delete.go:22.16,24.3 1 0
goverage-test-crud/internal/pkg/api/controllers/users/delete.go:28.16,30.3 1 0
goverage-test-crud/internal/pkg/api/controllers/users/index.go:14.68,22.16 6 0
goverage-test-crud/internal/pkg/api/controllers/users/index.go:26.2,27.16 2 0
goverage-test-crud/internal/pkg/api/controllers/users/index.go:31.2,33.16 3 0
goverage-test-crud/internal/pkg/api/controllers/users/index.go:37.2,38.16 2 0
goverage-test-crud/internal/pkg/api/controllers/users/index.go:42.2,43.17 2 0
goverage-test-crud/internal/pkg/api/controllers/users/index.go:22.16,24.3 1 0
goverage-test-crud/internal/pkg/api/controllers/users/index.go:27.16,29.3 1 0
goverage-test-crud/internal/pkg/api/controllers/users/index.go:33.16,35.3 1 0
goverage-test-crud/internal/pkg/api/controllers/users/index.go:38.16,41.3 2 0
goverage-test-crud/internal/pkg/api/controllers/users/index.go:48.64,53.38 3 0
goverage-test-crud/internal/pkg/api/controllers/users/index.go:57.2,59.16 2 0
goverage-test-crud/internal/pkg/api/controllers/users/index.go:63.2,66.18 3 0
goverage-test-crud/internal/pkg/api/controllers/users/index.go:78.2,78.16 1 0
goverage-test-crud/internal/pkg/api/controllers/users/index.go:82.2,84.16 2 0
goverage-test-crud/internal/pkg/api/controllers/users/index.go:89.2,90.17 2 0
goverage-test-crud/internal/pkg/api/controllers/users/index.go:53.38,55.3 1 0
goverage-test-crud/internal/pkg/api/controllers/users/index.go:59.16,61.3 1 0
goverage-test-crud/internal/pkg/api/controllers/users/index.go:66.18,70.51 2 0
goverage-test-crud/internal/pkg/api/controllers/users/index.go:74.3,74.33 1 0
goverage-test-crud/internal/pkg/api/controllers/users/index.go:70.51,72.4 1 0
goverage-test-crud/internal/pkg/api/controllers/users/index.go:78.16,80.3 1 0
goverage-test-crud/internal/pkg/api/controllers/users/index.go:84.16,87.3 2 0
goverage-test-crud/internal/pkg/api/routers/routers.go:14.34,26.2 7 1
goverage-test-crud/internal/pkg/api/routers/routers.go:28.132,29.54 1 4
goverage-test-crud/internal/pkg/api/routers/routers.go:29.54,31.3 1 1
goverage-test-crud/pkg/database/connector.go:13.52,19.59 4 1
goverage-test-crud/pkg/database/connector.go:23.2,23.18 1 1
goverage-test-crud/pkg/database/connector.go:19.59,20.13 1 0
goverage-test-crud/pkg/database/connector.go:27.14,28.42 1 0
goverage-test-crud/pkg/database/connector.go:28.42,29.13 1 0
goverage-test-crud/pkg/database/connector.go:33.15,35.2 1 1
goverage-test-crud/cmd/crud/main.go:23.13,29.16 5 1
goverage-test-crud/cmd/crud/main.go:33.2,41.16 4 1
goverage-test-crud/cmd/crud/main.go:29.16,31.3 1 0
goverage-test-crud/cmd/crud/main.go:41.16,44.3 2 0
goverage-test-crud/cmd/crud/main.go:47.13,52.33 3 0
goverage-test-crud/cmd/crud/main.go:56.2,56.34 1 0
goverage-test-crud/cmd/crud/main.go:60.2,60.32 1 0
goverage-test-crud/cmd/crud/main.go:64.2,71.12 3 0
goverage-test-crud/cmd/crud/main.go:77.2,86.42 7 0
goverage-test-crud/cmd/crud/main.go:90.2,92.31 2 0
goverage-test-crud/cmd/crud/main.go:52.33,54.3 1 0
goverage-test-crud/cmd/crud/main.go:56.34,58.3 1 0
goverage-test-crud/cmd/crud/main.go:60.32,62.3 1 0
goverage-test-crud/cmd/crud/main.go:71.12,72.77 1 0
goverage-test-crud/cmd/crud/main.go:72.77,74.4 1 0
goverage-test-crud/cmd/crud/main.go:86.42,88.3 1 0
goverage-test-crud/internal/pkg/api/controllers/healthz/index.go:9.52,13.2 3 0
goverage-test-crud/internal/pkg/api/controllers/users/create.go:13.65,21.16 5 0
goverage-test-crud/internal/pkg/api/controllers/users/create.go:26.2,29.16 3 0
goverage-test-crud/internal/pkg/api/controllers/users/create.go:34.2,35.16 2 0
goverage-test-crud/internal/pkg/api/controllers/users/create.go:39.2,41.16 3 0
goverage-test-crud/internal/pkg/api/controllers/users/create.go:45.2,48.16 3 0
goverage-test-crud/internal/pkg/api/controllers/users/create.go:52.2,55.22 3 0
goverage-test-crud/internal/pkg/api/controllers/users/create.go:21.16,24.3 2 0
goverage-test-crud/internal/pkg/api/controllers/users/create.go:29.16,32.3 2 0
goverage-test-crud/internal/pkg/api/controllers/users/create.go:35.16,37.3 1 0
goverage-test-crud/internal/pkg/api/controllers/users/create.go:41.16,44.3 2 0
goverage-test-crud/internal/pkg/api/controllers/users/create.go:48.16,51.3 2 0
goverage-test-crud/internal/pkg/api/controllers/users/delete.go:14.65,22.16 6 0
goverage-test-crud/internal/pkg/api/controllers/users/delete.go:26.2,28.16 3 0
goverage-test-crud/internal/pkg/api/controllers/users/delete.go:31.2,33.22 2 0
goverage-test-crud/internal/pkg/api/controllers/users/delete.go:22.16,24.3 1 0
goverage-test-crud/internal/pkg/api/controllers/users/delete.go:28.16,30.3 1 0
goverage-test-crud/internal/pkg/api/controllers/users/index.go:14.68,22.16 6 0
goverage-test-crud/internal/pkg/api/controllers/users/index.go:26.2,27.16 2 0
goverage-test-crud/internal/pkg/api/controllers/users/index.go:31.2,33.16 3 0
goverage-test-crud/internal/pkg/api/controllers/users/index.go:37.2,38.16 2 0
goverage-test-crud/internal/pkg/api/controllers/users/index.go:42.2,43.17 2 0
goverage-test-crud/internal/pkg/api/controllers/users/index.go:22.16,24.3 1 0
goverage-test-crud/internal/pkg/api/controllers/users/index.go:27.16,29.3 1 0
goverage-test-crud/internal/pkg/api/controllers/users/index.go:33.16,35.3 1 0
goverage-test-crud/internal/pkg/api/controllers/users/index.go:38.16,41.3 2 0
goverage-test-crud/internal/pkg/api/controllers/users/index.go:48.64,53.38 3 1
goverage-test-crud/internal/pkg/api/controllers/users/index.go:57.2,59.16 2 1
goverage-test-crud/internal/pkg/api/controllers/users/index.go:63.2,66.18 3 1
goverage-test-crud/internal/pkg/api/controllers/users/index.go:78.2,78.16 1 1
goverage-test-crud/internal/pkg/api/controllers/users/index.go:82.2,84.16 2 1
goverage-test-crud/internal/pkg/api/controllers/users/index.go:89.2,90.17 2 1
goverage-test-crud/internal/pkg/api/controllers/users/index.go:53.38,55.3 1 0
goverage-test-crud/internal/pkg/api/controllers/users/index.go:59.16,61.3 1 0
goverage-test-crud/internal/pkg/api/controllers/users/index.go:66.18,70.51 2 0
goverage-test-crud/internal/pkg/api/controllers/users/index.go:74.3,74.33 1 0
goverage-test-crud/internal/pkg/api/controllers/users/index.go:70.51,72.4 1 0
goverage-test-crud/internal/pkg/api/controllers/users/index.go:78.16,80.3 1 0
goverage-test-crud/internal/pkg/api/controllers/users/index.go:84.16,87.3 2 0
